<?xml version="1.0" encoding="UTF-8"?>
<testng-results ignored="0" total="1" passed="1" failed="0" skipped="0">
  <reporter-output>
  </reporter-output>
  <suite started-at="2019-07-30T06:06:24Z" name="com.t7.personamodeler.LoginTest" finished-at="2019-07-30T06:06:24Z" duration-ms="27">
    <groups>
    </groups>
    <test started-at="2019-07-30T06:06:24Z" name="Command line test" finished-at="2019-07-30T06:06:24Z" duration-ms="27">
      <class name="com.t7.personamodeler.LoginTest">
        <test-method signature="login()[pri:0, instance:com.t7.personamodeler.LoginTest@11438d26]" started-at="2019-07-30T06:06:24Z" name="login" finished-at="2019-07-30T06:06:24Z" duration-ms="6" status="PASS">
          <reporter-output>
          </reporter-output>
        </test-method> <!-- login -->
      </class> <!-- com.t7.personamodeler.LoginTest -->
    </test> <!-- Command line test -->
  </suite> <!-- com.t7.personamodeler.LoginTest -->
</testng-results>
