<?xml version="1.0" encoding="UTF-8"?>
<testng-results ignored="0" total="1" passed="1" failed="0" skipped="0">
  <reporter-output>
  </reporter-output>
  <suite started-at="2019-07-10T12:44:29Z" name="Default suite" finished-at="2019-07-10T12:44:45Z" duration-ms="15742">
    <groups>
    </groups>
    <test started-at="2019-07-10T12:44:29Z" name="Default test" finished-at="2019-07-10T12:44:45Z" duration-ms="15742">
      <class name="com.t7.model.BaseClass">
        <test-method is-config="true" signature="startup()[pri:0, instance:com.t7.model.BaseClass@6b419da]" started-at="2019-07-10T12:44:29Z" name="startup" finished-at="2019-07-10T12:44:45Z" duration-ms="15722" status="PASS">
          <reporter-output>
          </reporter-output>
        </test-method> <!-- startup -->
        <test-method signature="test()[pri:0, instance:com.t7.model.BaseClass@6b419da]" started-at="2019-07-10T12:44:45Z" name="test" finished-at="2019-07-10T12:44:45Z" duration-ms="4" status="PASS">
          <reporter-output>
          </reporter-output>
        </test-method> <!-- test -->
      </class> <!-- com.t7.model.BaseClass -->
    </test> <!-- Default test -->
  </suite> <!-- Default suite -->
</testng-results>
